<?xml version="1.0" encoding="UTF-8"?>
<testng-results skipped="0" failed="0" ignored="0" total="1" passed="1">
  <reporter-output>
  </reporter-output>
  <suite name="InetBanking" duration-ms="65441" started-at="2021-06-13T07:23:12Z" finished-at="2021-06-13T07:24:17Z">
    <groups>
    </groups>
    <test name="BankingApplication" duration-ms="65441" started-at="2021-06-13T07:23:12Z" finished-at="2021-06-13T07:24:17Z">
      <class name="com.inetbanking.testCases.TC_LoginTest_001">
        <test-method status="PASS" signature="setup(java.lang.String)[pri:0, instance:com.inetbanking.testCases.TC_LoginTest_001@1adae5d]" name="setup" is-config="true" duration-ms="55384" started-at="2021-06-13T07:23:12Z" finished-at="2021-06-13T07:24:08Z">
          <params>
            <param index="0">
              <value>
                <![CDATA[edge]]>
              </value>
            </param>
          </params>
          <reporter-output>
          </reporter-output>
        </test-method> <!-- setup -->
        <test-method status="PASS" signature="loginTest()[pri:0, instance:com.inetbanking.testCases.TC_LoginTest_001@1adae5d]" name="loginTest" duration-ms="7681" started-at="2021-06-13T07:24:08Z" finished-at="2021-06-13T07:24:16Z">
          <reporter-output>
          </reporter-output>
        </test-method> <!-- loginTest -->
        <test-method status="PASS" signature="tearDown()[pri:0, instance:com.inetbanking.testCases.TC_LoginTest_001@1adae5d]" name="tearDown" is-config="true" duration-ms="1583" started-at="2021-06-13T07:24:16Z" finished-at="2021-06-13T07:24:17Z">
          <reporter-output>
          </reporter-output>
        </test-method> <!-- tearDown -->
      </class> <!-- com.inetbanking.testCases.TC_LoginTest_001 -->
    </test> <!-- BankingApplication -->
  </suite> <!-- InetBanking -->
</testng-results>
